<?xml version="1.0" encoding="UTF-8"?>
<!-- Generated by org.testng.reporters.JUnitXMLReporter -->
<testsuite ignored="0" hostname="sidharth" failures="1" tests="1" name="viacome" time="17.649" errors="0" timestamp="2021-08-09T19:25:32 IST">
  <testcase classname="Amazon_DemoTc.TC_001Demo" name="singinmethod" time="0.0">
    <failure type="org.testng.TestNGException" message="
Cannot inject @Test annotated Method [singinmethod] with [class java.lang.String].
For more information on native dependency injection please refer to https://testng.org/doc/documentation-main.html#native-dependency-injection">
      <![CDATA[org.testng.TestNGException: 
Cannot inject @Test annotated Method [singinmethod] with [class java.lang.String].
For more information on native dependency injection please refer to https://testng.org/doc/documentation-main.html#native-dependency-injection
at java.base/java.util.ArrayList.forEach(ArrayList.java:1511)
... Removed 26 stack frames]]>
    </failure>
  </testcase> <!-- singinmethod -->
</testsuite> <!-- viacome -->
